2025-12-23 10:37:53,306 [1] INFO  myLog [(null)] - 启动程序
2025-12-23 10:39:17,464 [1] INFO  myLog [(null)] - 启动程序
2025-12-23 10:39:17,509 [1] DEBUG myLog [(null)] - 启动程序
2025-12-23 10:39:17,509 [1] WARN  myLog [(null)] - 启动程序
2025-12-23 10:39:17,511 [1] ERROR myLog [(null)] - 启动程序
2025-12-23 10:39:17,511 [1] FATAL myLog [(null)] - 启动程序
2025-12-23 10:39:50,992 [1] INFO  myLog [(null)] - 启动程序
2025-12-23 10:39:51,038 [1] DEBUG myLog [(null)] - 启动程序
2025-12-23 10:39:51,039 [1] WARN  myLog [(null)] - 启动程序
2025-12-23 10:39:51,039 [1] ERROR myLog [(null)] - 启动程序
2025-12-23 10:39:51,039 [1] FATAL myLog [(null)] - 启动程序
2025-12-23 11:11:46,328 [1] INFO  myLog [(null)] - 成功查询所有学生，共32条记录
2025-12-23 11:11:46,395 [1] INFO  myLog [(null)] - 成功加载学生列表，共32条记录
2025-12-23 11:20:51,823 [1] INFO  myLog [(null)] - 成功查询所有学生，共32条记录
2025-12-23 11:20:51,895 [1] INFO  myLog [(null)] - 成功加载学生列表，共32条记录
2025-12-23 11:21:19,379 [1] ERROR myLog [(null)] - 添加学生失败：姓名=钱钱钱, 错误信息=列名或所提供值的数目与表定义不匹配。
2025-12-23 11:21:23,491 [1] ERROR myLog [(null)] - 添加学生失败：姓名=钱钱钱, 性别=男, 错误信息=列名或所提供值的数目与表定义不匹配。
2025-12-23 11:21:30,353 [1] ERROR myLog [(null)] - 添加学生失败：姓名=钱钱钱, 错误信息=列名或所提供值的数目与表定义不匹配。
2025-12-23 11:21:31,677 [1] ERROR myLog [(null)] - 添加学生失败：姓名=钱钱钱, 性别=男, 错误信息=列名或所提供值的数目与表定义不匹配。
2025-12-23 11:21:53,933 [1] ERROR myLog [(null)] - 添加学生失败：姓名=钱钱钱, 错误信息=列名或所提供值的数目与表定义不匹配。
2025-12-23 11:21:55,008 [1] ERROR myLog [(null)] - 添加学生失败：姓名=钱钱钱, 性别=男, 错误信息=列名或所提供值的数目与表定义不匹配。
2025-12-23 11:21:57,471 [1] ERROR myLog [(null)] - 添加学生失败：姓名=钱钱钱, 错误信息=列名或所提供值的数目与表定义不匹配。
2025-12-23 11:21:59,118 [1] ERROR myLog [(null)] - 添加学生失败：姓名=钱钱钱, 性别=男, 错误信息=列名或所提供值的数目与表定义不匹配。
2025-12-23 11:22:14,556 [1] ERROR myLog [(null)] - 添加学生失败：姓名=钱钱钱, 错误信息=列名或所提供值的数目与表定义不匹配。
2025-12-23 11:22:15,695 [1] ERROR myLog [(null)] - 添加学生失败：姓名=钱钱钱, 性别=男, 错误信息=列名或所提供值的数目与表定义不匹配。
2025-12-23 11:22:20,713 [1] ERROR myLog [(null)] - 添加学生失败：姓名=杀杀杀, 错误信息=列名或所提供值的数目与表定义不匹配。
2025-12-23 11:22:21,576 [1] ERROR myLog [(null)] - 添加学生失败：姓名=杀杀杀, 性别=男, 错误信息=列名或所提供值的数目与表定义不匹配。
2025-12-23 11:22:36,345 [1] ERROR myLog [(null)] - 添加学生失败：姓名=杀杀杀, 错误信息=列名或所提供值的数目与表定义不匹配。
2025-12-23 11:22:38,258 [1] ERROR myLog [(null)] - 添加学生失败：姓名=杀杀杀, 性别=男, 错误信息=列名或所提供值的数目与表定义不匹配。
2025-12-23 11:23:22,298 [1] INFO  myLog [(null)] - 成功查询所有学生，共32条记录
2025-12-23 11:23:22,308 [1] INFO  myLog [(null)] - 成功加载学生列表，共32条记录
2025-12-23 11:26:01,801 [1] INFO  myLog [(null)] - 成功查询所有学生，共32条记录
2025-12-23 11:26:01,854 [1] INFO  myLog [(null)] - 成功加载学生列表，共32条记录
2025-12-23 11:26:35,166 [1] ERROR myLog [(null)] - 添加学生失败：姓名=哇哇哇哇, 错误信息=列名或所提供值的数目与表定义不匹配。
2025-12-23 11:26:41,233 [1] ERROR myLog [(null)] - 添加学生失败：姓名=哇哇哇哇, 性别=男, 错误信息=列名或所提供值的数目与表定义不匹配。
2025-12-23 11:27:17,803 [1] ERROR myLog [(null)] - 添加学生失败：姓名=哇哇哇哇, 错误信息=列名或所提供值的数目与表定义不匹配。
2025-12-23 11:27:32,223 [1] ERROR myLog [(null)] - 添加学生失败：姓名=哇哇哇哇, 性别=男, 错误信息=列名或所提供值的数目与表定义不匹配。
2025-12-23 11:27:46,527 [1] ERROR myLog [(null)] - 添加学生失败：姓名=哇哇哇哇, 错误信息=列名或所提供值的数目与表定义不匹配。
2025-12-23 11:27:47,523 [1] ERROR myLog [(null)] - 添加学生失败：姓名=哇哇哇哇, 性别=女, 错误信息=列名或所提供值的数目与表定义不匹配。
2025-12-23 11:27:55,249 [1] ERROR myLog [(null)] - 添加学生失败：姓名=哇哇哇哇, 错误信息=列名或所提供值的数目与表定义不匹配。
2025-12-23 11:27:56,904 [1] ERROR myLog [(null)] - 添加学生失败：姓名=哇哇哇哇, 性别=女, 错误信息=列名或所提供值的数目与表定义不匹配。
2025-12-23 11:28:04,126 [1] ERROR myLog [(null)] - 添加学生失败：姓名=而无法, 错误信息=列名或所提供值的数目与表定义不匹配。
2025-12-23 11:33:07,155 [1] ERROR myLog [(null)] - 添加学生失败：姓名=而无法, 性别=女, 错误信息=列名或所提供值的数目与表定义不匹配。
2025-12-23 11:35:24,119 [1] INFO  myLog [(null)] - 成功查询所有学生，共32条记录
2025-12-23 11:35:24,140 [1] INFO  myLog [(null)] - 成功加载学生列表，共32条记录
2025-12-23 11:35:56,953 [1] INFO  myLog [(null)] - 成功查询所有学生，共32条记录
2025-12-23 11:35:57,001 [1] INFO  myLog [(null)] - 成功加载学生列表，共32条记录
2025-12-23 11:36:08,972 [1] INFO  myLog [(null)] - 成功添加学生：ID=20250040, 姓名=钱钱钱, 性别=男, 电话=
2025-12-23 11:36:10,166 [1] INFO  myLog [(null)] - 成功添加学生：姓名=钱钱钱, 性别=男, 出生日期=, 电话=, 地址=, 语文=0, 数学=0, 英语=0
2025-12-23 11:36:55,009 [1] INFO  myLog [(null)] - 成功查询所有学生，共33条记录
2025-12-23 11:36:55,022 [1] INFO  myLog [(null)] - 成功加载学生列表，共33条记录
2025-12-23 11:37:13,967 [1] ERROR myLog [(null)] - 更新学生失败：ID=20250040, 姓名=钱钱钱, 错误信息=从字符串转换日期和/或时间时，转换失败。
2025-12-23 11:37:18,831 [1] ERROR myLog [(null)] - 批量更新学生失败：错误信息=从字符串转换日期和/或时间时，转换失败。
2025-12-23 11:37:58,040 [1] INFO  myLog [(null)] - 成功更新学生：ID=20250040, 姓名=钱钱钱, 性别=男, 电话=
2025-12-23 11:37:58,043 [1] INFO  myLog [(null)] - 成功查询所有学生，共33条记录
2025-12-23 11:37:58,056 [1] INFO  myLog [(null)] - 成功加载学生列表，共33条记录
2025-12-23 11:38:00,246 [1] INFO  myLog [(null)] - 成功批量更新学生，共1名学生
2025-12-23 11:38:51,480 [1] INFO  myLog [(null)] - 成功删除学生：ID=20250040
2025-12-23 11:38:51,484 [1] INFO  myLog [(null)] - 成功查询所有学生，共32条记录
2025-12-23 11:38:51,492 [1] INFO  myLog [(null)] - 成功加载学生列表，共32条记录
2025-12-23 11:38:52,849 [1] INFO  myLog [(null)] - 成功批量删除学生，共1名学生
2025-12-23 11:39:01,308 [1] INFO  myLog [(null)] - 成功查询所有学生，共32条记录
2025-12-23 11:39:01,318 [1] INFO  myLog [(null)] - 成功加载学生列表，共32条记录
2025-12-23 11:39:08,796 [1] INFO  myLog [(null)] - 成功添加学生：ID=20250041, 姓名=嗡嗡嗡, 性别=男, 电话=
2025-12-23 11:39:10,746 [1] INFO  myLog [(null)] - 成功添加学生：姓名=嗡嗡嗡, 性别=男, 出生日期=, 电话=, 地址=, 语文=0, 数学=0, 英语=0
2025-12-23 11:39:11,939 [1] INFO  myLog [(null)] - 成功查询所有学生，共33条记录
2025-12-23 11:39:11,949 [1] INFO  myLog [(null)] - 成功加载学生列表，共33条记录
2025-12-23 11:39:19,316 [1] ERROR myLog [(null)] - 更新学生失败：ID=20250041, 姓名=嗡嗡嗡, 错误信息=从字符串转换日期和/或时间时，转换失败。
2025-12-23 11:39:23,774 [1] ERROR myLog [(null)] - 批量更新学生失败：错误信息=从字符串转换日期和/或时间时，转换失败。
2025-12-23 11:39:29,351 [1] INFO  myLog [(null)] - 成功更新学生：ID=20250041, 姓名=嗡嗡嗡, 性别=男, 电话=
2025-12-23 11:39:29,352 [1] INFO  myLog [(null)] - 成功查询所有学生，共33条记录
2025-12-23 11:39:29,371 [1] INFO  myLog [(null)] - 成功加载学生列表，共33条记录
2025-12-23 11:39:30,470 [1] INFO  myLog [(null)] - 成功批量更新学生，共1名学生
2025-12-23 11:42:31,064 [1] INFO  myLog [(null)] - 成功查询所有学生，共33条记录
2025-12-23 11:42:31,113 [1] INFO  myLog [(null)] - 成功加载学生列表，共33条记录
2025-12-23 11:42:45,722 [1] ERROR myLog [(null)] - 添加学生失败：姓名=呃呃呃呃呃呃, 错误信息=违反了 UNIQUE KEY 约束“unique_student_phone”。不能在对象“dbo.student”中插入重复键。重复键值为 ()。
语句已终止。
2025-12-23 11:42:50,616 [1] ERROR myLog [(null)] - 添加学生失败：姓名=呃呃呃呃呃呃, 性别=男, 错误信息=违反了 UNIQUE KEY 约束“unique_student_phone”。不能在对象“dbo.student”中插入重复键。重复键值为 ()。
语句已终止。
2025-12-23 11:42:57,961 [1] ERROR myLog [(null)] - 添加学生失败：姓名=呃呃呃呃呃呃, 错误信息=从字符串转换日期和/或时间时，转换失败。
2025-12-23 11:42:59,189 [1] ERROR myLog [(null)] - 添加学生失败：姓名=呃呃呃呃呃呃, 性别=男, 错误信息=从字符串转换日期和/或时间时，转换失败。
2025-12-23 11:43:04,301 [1] INFO  myLog [(null)] - 成功添加学生：ID=20250044, 姓名=呃呃呃呃呃呃, 性别=男, 电话=58
2025-12-23 11:43:05,249 [1] INFO  myLog [(null)] - 成功添加学生：姓名=呃呃呃呃呃呃, 性别=男, 出生日期=, 电话=58, 地址=, 语文=0, 数学=0, 英语=0
2025-12-23 11:43:06,523 [1] INFO  myLog [(null)] - 成功查询所有学生，共34条记录
2025-12-23 11:43:06,533 [1] INFO  myLog [(null)] - 成功加载学生列表，共34条记录
2025-12-23 11:43:19,572 [1] INFO  myLog [(null)] - 成功更新学生：ID=20250041, 姓名=嗡嗡嗡, 性别=男, 电话=fffwf
2025-12-23 11:43:19,573 [1] ERROR myLog [(null)] - 更新学生失败：ID=20250044, 姓名=呃呃呃呃呃呃, 错误信息=从字符串转换日期和/或时间时，转换失败。
2025-12-23 11:43:20,967 [1] ERROR myLog [(null)] - 批量更新学生失败：错误信息=从字符串转换日期和/或时间时，转换失败。
2025-12-23 11:43:30,749 [1] INFO  myLog [(null)] - 成功更新学生：ID=20250041, 姓名=嗡嗡嗡, 性别=男, 电话=fffwf
2025-12-23 11:43:30,750 [1] INFO  myLog [(null)] - 成功更新学生：ID=20250044, 姓名=呃呃呃呃呃呃, 性别=男, 电话=wefwef
2025-12-23 11:43:30,752 [1] INFO  myLog [(null)] - 成功查询所有学生，共34条记录
2025-12-23 11:43:30,761 [1] INFO  myLog [(null)] - 成功加载学生列表，共34条记录
2025-12-23 11:43:31,927 [1] INFO  myLog [(null)] - 成功批量更新学生，共2名学生
2025-12-23 11:43:55,392 [1] INFO  myLog [(null)] - 成功添加学生：ID=20250045, 姓名=wf, 性别=男, 电话=525
2025-12-23 11:43:56,378 [1] INFO  myLog [(null)] - 成功添加学生：姓名=wf, 性别=男, 出生日期=, 电话=525, 地址=, 语文=0, 数学=0, 英语=0
2025-12-23 11:43:57,403 [1] INFO  myLog [(null)] - 成功查询所有学生，共35条记录
2025-12-23 11:43:57,411 [1] INFO  myLog [(null)] - 成功加载学生列表，共35条记录
2025-12-23 11:44:03,020 [1] INFO  myLog [(null)] - 成功删除学生：ID=20250044
2025-12-23 11:44:03,022 [1] INFO  myLog [(null)] - 成功删除学生：ID=20250045
2025-12-23 11:44:03,022 [1] INFO  myLog [(null)] - 成功查询所有学生，共33条记录
2025-12-23 11:44:03,030 [1] INFO  myLog [(null)] - 成功加载学生列表，共33条记录
2025-12-23 11:44:04,034 [1] INFO  myLog [(null)] - 成功批量删除学生，共2名学生
2025-12-23 11:49:24,730 [1] INFO  myLog [(null)] - 成功查询所有学生，共33条记录
2025-12-23 11:49:24,788 [1] INFO  myLog [(null)] - 成功加载学生列表，共33条记录
2025-12-23 11:52:11,207 [1] INFO  myLog [(null)] - 成功查询所有学生，共33条记录
2025-12-23 11:52:11,283 [1] INFO  myLog [(null)] - 成功加载学生列表，共33条记录
2025-12-23 11:53:06,252 [1] INFO  myLog [(null)] - 成功查询所有学生，共33条记录
2025-12-23 11:53:06,299 [1] INFO  myLog [(null)] - 成功加载学生列表，共33条记录
2025-12-23 11:53:31,565 [1] INFO  myLog [(null)] - 成功添加学生：ID=20250046, 姓名=日日日, 性别=男, 电话=2324
2025-12-23 11:53:32,598 [1] INFO  myLog [(null)] - 成功添加学生：姓名=日日日, 性别=男, 出生日期=2000/1/1, 电话=2324, 地址=, 语文=0, 数学=0, 英语=0
2025-12-23 11:53:33,659 [1] INFO  myLog [(null)] - 成功查询所有学生，共34条记录
2025-12-23 11:53:33,683 [1] INFO  myLog [(null)] - 成功加载学生列表，共34条记录
2025-12-23 11:53:41,220 [1] INFO  myLog [(null)] - 成功查询所有学生，共34条记录
2025-12-23 11:53:41,271 [1] INFO  myLog [(null)] - 成功加载学生列表，共34条记录
2025-12-23 11:53:43,964 [1] INFO  myLog [(null)] - 成功查询所有学生，共34条记录
2025-12-23 16:07:09,126 [1] INFO  myLog [(null)] - 成功查询所有学生，共34条记录
2025-12-23 16:07:09,189 [1] INFO  myLog [(null)] - 成功加载学生列表，共34条记录
2025-12-23 16:07:13,384 [1] INFO  myLog [(null)] - 成功查询所有学生，共34条记录
2025-12-23 16:50:42,699 [1] INFO  myLog [(null)] - 成功查询所有学生，共34条记录
2025-12-23 16:50:42,752 [1] INFO  myLog [(null)] - 成功加载学生列表，共34条记录
2025-12-23 16:50:43,430 [1] INFO  myLog [(null)] - 成功查询所有课程，共3条记录
2025-12-23 16:52:53,355 [1] INFO  myLog [(null)] - 成功查询所有学生，共34条记录
2025-12-23 16:52:53,416 [1] INFO  myLog [(null)] - 成功加载学生列表，共34条记录
2025-12-23 16:52:54,205 [1] INFO  myLog [(null)] - 成功查询所有课程，共3条记录
2025-12-23 16:52:54,210 [1] INFO  myLog [(null)] - 成功查询所有教师，共10条记录
2025-12-23 16:52:54,215 [1] INFO  myLog [(null)] - 成功查询所有教师课程关系，共10条记录
2025-12-23 21:19:39,153 [1] INFO  myLog [(null)] - 成功查询所有学生，共34条记录
2025-12-23 21:19:39,208 [1] INFO  myLog [(null)] - 成功加载学生列表，共34条记录
2025-12-23 21:19:39,994 [1] INFO  myLog [(null)] - 成功查询所有课程，共3条记录
2025-12-23 21:19:39,998 [1] INFO  myLog [(null)] - 成功查询所有教师，共10条记录
2025-12-23 21:19:40,001 [1] INFO  myLog [(null)] - 成功查询所有教师课程关系，共10条记录
2025-12-23 21:26:04,898 [1] INFO  myLog [(null)] - 成功查询所有学生，共34条记录
2025-12-23 21:26:04,968 [1] INFO  myLog [(null)] - 成功加载学生列表，共34条记录
2025-12-23 21:26:05,822 [1] INFO  myLog [(null)] - 成功查询所有课程，共3条记录
2025-12-23 21:26:05,825 [1] INFO  myLog [(null)] - 成功查询所有教师，共10条记录
2025-12-23 21:26:05,829 [1] INFO  myLog [(null)] - 成功查询所有教师课程关系，共10条记录
2025-12-23 21:26:24,818 [1] INFO  myLog [(null)] - 成功查询所有学生，共34条记录
2025-12-23 21:26:32,337 [1] INFO  myLog [(null)] - 成功查询所有学生，共34条记录
2025-12-23 21:26:32,432 [1] INFO  myLog [(null)] - 成功搜索学生，条件：ID=, 姓名=, 性别=男, 科目=, 分数范围=-，找到24条记录
2025-12-23 21:26:37,593 [1] INFO  myLog [(null)] - 成功查询所有学生，共34条记录
2025-12-23 21:26:37,601 [1] INFO  myLog [(null)] - 成功搜索学生，条件：ID=, 姓名=, 性别=, 科目=, 分数范围=-，找到34条记录
2025-12-23 21:26:42,714 [1] INFO  myLog [(null)] - 成功查询所有学生，共34条记录
2025-12-23 21:35:58,323 [1] INFO  myLog [(null)] - 成功查询所有学生，共34条记录
2025-12-23 21:35:58,388 [1] INFO  myLog [(null)] - 成功加载学生列表，共34条记录
2025-12-23 21:36:01,597 [1] INFO  myLog [(null)] - 成功查询所有教师，共10条记录
2025-12-23 21:36:01,601 [1] INFO  myLog [(null)] - 成功查询所有课程，共3条记录
2025-12-23 21:36:01,605 [1] INFO  myLog [(null)] - 成功查询所有教师课程关系，共10条记录
2025-12-23 21:36:27,830 [1] INFO  myLog [(null)] - 成功查询所有教师，共10条记录
2025-12-23 21:36:27,832 [1] INFO  myLog [(null)] - 成功查询所有课程，共3条记录
2025-12-23 21:36:27,834 [1] INFO  myLog [(null)] - 成功查询所有教师课程关系，共10条记录
2025-12-23 21:36:44,170 [1] INFO  myLog [(null)] - 成功查询所有教师，共10条记录
2025-12-23 21:36:44,172 [1] INFO  myLog [(null)] - 成功查询所有课程，共3条记录
2025-12-23 21:36:44,179 [1] INFO  myLog [(null)] - 成功查询所有教师课程关系，共10条记录
2025-12-23 21:36:51,180 [1] INFO  myLog [(null)] - 成功查询所有学生，共34条记录
2025-12-23 21:36:51,209 [1] INFO  myLog [(null)] - 成功加载学生列表，共34条记录
2025-12-23 21:36:54,098 [1] INFO  myLog [(null)] - 成功查询所有学生，共34条记录
2025-12-23 21:46:36,424 [1] INFO  myLog [(null)] - 成功查询所有学生，共34条记录
2025-12-23 21:46:36,474 [1] INFO  myLog [(null)] - 成功加载学生列表，共34条记录
2025-12-23 21:46:39,389 [1] INFO  myLog [(null)] - 成功查询所有教师，共10条记录
2025-12-23 21:46:39,390 [1] INFO  myLog [(null)] - 成功查询所有课程，共3条记录
2025-12-23 21:46:39,393 [1] INFO  myLog [(null)] - 成功查询所有教师课程关系，共10条记录
2025-12-23 21:47:18,426 [1] INFO  myLog [(null)] - 成功查询所有学生，共34条记录
2025-12-23 21:47:18,477 [1] INFO  myLog [(null)] - 成功加载学生列表，共34条记录
2025-12-23 21:47:21,920 [1] INFO  myLog [(null)] - 成功查询所有教师，共10条记录
2025-12-23 21:47:21,922 [1] INFO  myLog [(null)] - 成功查询所有课程，共3条记录
2025-12-23 21:47:21,926 [1] INFO  myLog [(null)] - 成功查询所有教师课程关系，共10条记录
2025-12-23 21:48:03,927 [1] INFO  myLog [(null)] - 成功查询所有学生，共34条记录
2025-12-23 21:48:03,977 [1] INFO  myLog [(null)] - 成功加载学生列表，共34条记录
2025-12-23 21:48:07,157 [1] INFO  myLog [(null)] - 成功查询所有教师，共10条记录
2025-12-23 21:48:07,158 [1] INFO  myLog [(null)] - 成功查询所有课程，共3条记录
2025-12-23 21:48:07,160 [1] INFO  myLog [(null)] - 成功查询所有教师课程关系，共10条记录
2025-12-23 21:48:32,178 [1] INFO  myLog [(null)] - 成功查询所有教师，共10条记录
2025-12-23 21:48:32,179 [1] INFO  myLog [(null)] - 成功查询所有课程，共3条记录
2025-12-23 21:48:32,181 [1] INFO  myLog [(null)] - 成功查询所有教师课程关系，共10条记录
2025-12-23 21:48:35,573 [1] INFO  myLog [(null)] - 成功查询所有学生，共34条记录
2025-12-23 21:48:35,597 [1] INFO  myLog [(null)] - 成功加载学生列表，共34条记录
2025-12-23 21:48:36,330 [1] INFO  myLog [(null)] - 成功查询所有学生，共34条记录
