2025-12-24 10:24:02,746 [1] INFO  myLog [(null)] - 成功查询所有学生，共34条记录
2025-12-24 10:24:02,810 [1] INFO  myLog [(null)] - 成功加载学生列表，共34条记录
2025-12-24 10:24:40,505 [1] INFO  myLog [(null)] - 成功查询所有学生，共34条记录
2025-12-24 10:24:40,569 [1] INFO  myLog [(null)] - 成功加载学生列表，共34条记录
2025-12-24 10:31:53,628 [1] INFO  myLog [(null)] - 成功查询所有学生，共34条记录
2025-12-24 10:31:53,690 [1] INFO  myLog [(null)] - 成功加载学生列表，共34条记录
2025-12-24 10:31:58,174 [1] INFO  myLog [(null)] - 成功查询所有教师，共10条记录
2025-12-24 10:31:58,179 [1] INFO  myLog [(null)] - 成功查询所有课程，共3条记录
2025-12-24 10:31:58,184 [1] INFO  myLog [(null)] - 成功查询所有教师课程关系，共10条记录
2025-12-24 10:53:01,002 [1] INFO  myLog [(null)] - 成功查询所有学生，共34条记录
2025-12-24 10:53:01,065 [1] INFO  myLog [(null)] - 成功加载学生列表，共34条记录
2025-12-24 10:53:05,750 [1] INFO  myLog [(null)] - 成功查询所有学生，共34条记录
2025-12-24 10:54:00,996 [1] INFO  myLog [(null)] - 成功查询所有学生，共34条记录
2025-12-24 10:54:01,000 [1] INFO  myLog [(null)] - 成功查询所有学生，共34条记录
2025-12-24 10:54:01,002 [1] INFO  myLog [(null)] - 成功查询所有学生，共34条记录
2025-12-24 10:54:16,453 [1] INFO  myLog [(null)] - 成功查询所有学生，共34条记录
2025-12-24 10:54:16,456 [1] INFO  myLog [(null)] - 成功查询所有学生，共34条记录
2025-12-24 10:54:16,457 [1] INFO  myLog [(null)] - 成功查询所有学生，共34条记录
2025-12-24 10:54:20,245 [1] INFO  myLog [(null)] - 成功查询所有学生，共34条记录
2025-12-24 10:54:20,250 [1] INFO  myLog [(null)] - 成功查询所有学生，共34条记录
2025-12-24 10:54:20,253 [1] INFO  myLog [(null)] - 成功查询所有学生，共34条记录
2025-12-24 10:56:37,084 [1] INFO  myLog [(null)] - 成功查询所有学生，共34条记录
2025-12-24 10:56:37,096 [1] INFO  myLog [(null)] - 成功加载学生列表，共34条记录
2025-12-24 10:56:40,276 [1] INFO  myLog [(null)] - 成功查询所有学生，共34条记录
2025-12-24 10:56:40,370 [1] INFO  myLog [(null)] - 成功搜索学生，条件：ID=, 姓名=, 性别=男, 科目=, 分数范围=-，找到24条记录
2025-12-24 10:56:47,760 [1] INFO  myLog [(null)] - 成功查询所有学生，共34条记录
2025-12-24 10:56:47,776 [1] INFO  myLog [(null)] - 成功搜索学生，条件：ID=, 姓名=, 性别=女, 科目=, 分数范围=-，找到10条记录
2025-12-24 10:59:26,666 [1] INFO  myLog [(null)] - 成功查询所有学生，共34条记录
2025-12-24 10:59:26,667 [1] INFO  myLog [(null)] - 成功查询所有学生，共34条记录
2025-12-24 10:59:26,670 [1] INFO  myLog [(null)] - 成功查询所有学生，共34条记录
2025-12-24 10:59:29,737 [1] INFO  myLog [(null)] - 成功查询所有学生，共34条记录
2025-12-24 10:59:32,572 [1] INFO  myLog [(null)] - 成功查询所有学生，共34条记录
2025-12-24 10:59:42,023 [1] INFO  myLog [(null)] - 成功搜索学生，条件：ID=, 姓名=喜羊羊, 性别=女, 科目=, 分数范围=-，找到0条记录
2025-12-24 10:59:46,776 [1] INFO  myLog [(null)] - 成功查询所有学生，共34条记录
2025-12-24 10:59:46,776 [1] INFO  myLog [(null)] - 成功搜索学生，条件：ID=, 姓名=喜羊羊, 性别=男, 科目=, 分数范围=-，找到1条记录
2025-12-24 10:59:50,507 [1] INFO  myLog [(null)] - 成功查询所有学生，共34条记录
2025-12-24 10:59:52,923 [1] INFO  myLog [(null)] - 成功搜索学生，条件：ID=, 姓名=喜羊羊, 性别=女, 科目=, 分数范围=-，找到0条记录
2025-12-24 10:59:58,454 [1] INFO  myLog [(null)] - 成功查询所有学生，共34条记录
2025-12-24 10:59:58,457 [1] INFO  myLog [(null)] - 成功搜索学生，条件：ID=, 姓名=喜羊羊, 性别=男, 科目=语文, 分数范围=-，找到1条记录
2025-12-24 11:00:07,444 [1] INFO  myLog [(null)] - 成功查询所有学生，共34条记录
2025-12-24 11:00:07,625 [1] INFO  myLog [(null)] - 成功查询所有学生，共34条记录
2025-12-24 11:00:09,624 [1] INFO  myLog [(null)] - 成功查询所有学生，共34条记录
2025-12-24 11:00:11,295 [1] INFO  myLog [(null)] - 成功查询所有学生，共34条记录
2025-12-24 11:00:11,307 [1] INFO  myLog [(null)] - 成功搜索学生，条件：ID=20250003, 姓名=喜羊羊, 性别=男, 科目=语文, 分数范围=-，找到1条记录
2025-12-24 11:03:17,473 [1] INFO  myLog [(null)] - 成功查询所有学生，共34条记录
2025-12-24 11:07:53,004 [1] INFO  myLog [(null)] - 成功搜索学生，条件：ID=20250003, 姓名=喜羊羊, 性别=女, 科目=语文, 分数范围=-，找到0条记录
2025-12-24 11:08:04,404 [1] INFO  myLog [(null)] - 成功查询所有学生，共34条记录
2025-12-24 11:08:04,411 [1] INFO  myLog [(null)] - 成功搜索学生，条件：ID=, 姓名=, 性别=, 科目=数学, 分数范围=80-90，找到13条记录
2025-12-24 11:08:11,312 [1] INFO  myLog [(null)] - 成功查询所有学生，共34条记录
2025-12-24 11:08:11,319 [1] INFO  myLog [(null)] - 成功搜索学生，条件：ID=, 姓名=, 性别=, 科目=数学, 分数范围=85-90，找到10条记录
2025-12-24 11:19:09,328 [1] INFO  myLog [(null)] - 成功查询所有学生，共34条记录
2025-12-24 11:19:09,334 [1] INFO  myLog [(null)] - 成功搜索学生，条件：ID=, 姓名=, 性别=, 科目=(空白), 分数范围=-，找到34条记录
2025-12-24 11:21:24,497 [1] INFO  myLog [(null)] - 成功添加学生：ID=20250047, 姓名=涛涛涛涛, 性别=男, 电话=99999999999
2025-12-24 11:21:41,776 [1] INFO  myLog [(null)] - 成功添加学生：姓名=涛涛涛涛, 性别=男, 出生日期=2025/06/22, 电话=99999999999, 地址=湖北省武汉市, 语文=90, 数学=80, 英语=80
2025-12-24 11:21:43,218 [1] INFO  myLog [(null)] - 成功查询所有学生，共35条记录
2025-12-24 11:21:43,230 [1] INFO  myLog [(null)] - 成功加载学生列表，共35条记录
2025-12-24 11:32:30,470 [1] INFO  myLog [(null)] - 成功更新学生：ID=20250041, 姓名=嗡嗡嗡, 性别=男, 电话=fffwf
2025-12-24 11:32:30,472 [1] INFO  myLog [(null)] - 成功更新学生：ID=20250046, 姓名=日日日, 性别=男, 电话=2324
2025-12-24 11:32:30,473 [1] INFO  myLog [(null)] - 成功更新学生：ID=20250047, 姓名=涛涛涛涛, 性别=男, 电话=99999999999
2025-12-24 11:32:30,475 [1] INFO  myLog [(null)] - 成功查询所有学生，共35条记录
2025-12-24 11:32:30,483 [1] INFO  myLog [(null)] - 成功加载学生列表，共35条记录
2025-12-24 11:34:30,065 [1] INFO  myLog [(null)] - 成功批量更新学生，共3名学生
2025-12-24 11:34:43,022 [1] INFO  myLog [(null)] - 成功更新学生：ID=20250047, 姓名=涛涛涛涛, 性别=男, 电话=99999999999
2025-12-24 11:34:43,023 [1] INFO  myLog [(null)] - 成功查询所有学生，共35条记录
2025-12-24 11:34:43,033 [1] INFO  myLog [(null)] - 成功加载学生列表，共35条记录
2025-12-24 11:34:43,909 [1] INFO  myLog [(null)] - 成功批量更新学生，共1名学生
2025-12-24 11:36:57,356 [1] INFO  myLog [(null)] - 成功删除学生：ID=20250041
2025-12-24 11:36:57,356 [1] INFO  myLog [(null)] - 成功删除学生：ID=20250046
2025-12-24 11:36:57,357 [1] INFO  myLog [(null)] - 成功删除学生：ID=20250047
2025-12-24 11:36:57,359 [1] INFO  myLog [(null)] - 成功查询所有学生，共32条记录
2025-12-24 11:36:57,368 [1] INFO  myLog [(null)] - 成功加载学生列表，共32条记录
2025-12-24 11:43:36,314 [1] INFO  myLog [(null)] - 成功批量删除学生，共3名学生
2025-12-24 12:42:36,666 [1] INFO  myLog [(null)] - 成功查询所有学生，共32条记录
2025-12-24 12:42:36,721 [1] INFO  myLog [(null)] - 成功加载学生列表，共32条记录
2025-12-24 12:42:40,077 [1] INFO  myLog [(null)] - 成功查询所有教师，共10条记录
2025-12-24 12:42:40,080 [1] INFO  myLog [(null)] - 成功查询所有课程，共3条记录
2025-12-24 12:42:40,085 [1] INFO  myLog [(null)] - 成功查询所有教师课程关系，共10条记录
2025-12-24 12:51:30,922 [1] INFO  myLog [(null)] - 成功查询所有学生，共32条记录
2025-12-24 15:17:47,515 [1] INFO  myLog [(null)] - 成功查询所有学生，共32条记录
2025-12-24 15:17:47,571 [1] INFO  myLog [(null)] - 成功加载学生列表，共32条记录
2025-12-24 15:17:50,797 [1] INFO  myLog [(null)] - 成功查询所有教师，共10条记录
2025-12-24 15:17:50,799 [1] INFO  myLog [(null)] - 成功查询所有课程，共3条记录
2025-12-24 15:17:50,803 [1] INFO  myLog [(null)] - 成功查询所有教师课程关系，共10条记录
2025-12-24 15:17:52,772 [1] INFO  myLog [(null)] - 成功查询所有学生，共32条记录
